<?xml version="1.0" encoding="UTF-8"?>
<!-- Generated by org.testng.reporters.JUnitReportReporter -->
<testsuite skipped="0" hostname="User" name="runner.realtest" tests="1" failures="0" timestamp="2020-11-20T00:43:38 IST" time="51.712" errors="0">
  <testcase name="runScenario" time="51.712" classname="runner.realtest"/>
  <system-out/>
</testsuite> <!-- runner.realtest -->
